<?xml version="1.0" encoding="UTF-8"?>
<coverage generated="1625048013562" clover="3.2.0">
  <project timestamp="1625048013562" name="All files">
    <metrics statements="16" coveredstatements="16" conditionals="24" coveredconditionals="21" methods="1" coveredmethods="1" elements="41" coveredelements="38" complexity="0" loc="16" ncloc="16" packages="1" files="1" classes="1"/>
    <file name="index.js" path="D:\valid-string-program\index.js">
      <metrics statements="16" coveredstatements="16" conditionals="24" coveredconditionals="21" methods="1" coveredmethods="1"/>
      <line num="2" count="4" type="stmt"/>
      <line num="3" count="4" type="stmt"/>
      <line num="4" count="4" type="cond" truecount="1" falsecount="1"/>
      <line num="5" count="4" type="stmt"/>
      <line num="6" count="4" type="stmt"/>
      <line num="7" count="15" type="cond" truecount="5" falsecount="0"/>
      <line num="8" count="8" type="stmt"/>
      <line num="10" count="15" type="cond" truecount="5" falsecount="0"/>
      <line num="11" count="7" type="cond" truecount="1" falsecount="1"/>
      <line num="12" count="7" type="stmt"/>
      <line num="13" count="7" type="cond" truecount="8" falsecount="0"/>
      <line num="14" count="6" type="stmt"/>
      <line num="16" count="1" type="stmt"/>
      <line num="20" count="3" type="cond" truecount="1" falsecount="1"/>
      <line num="21" count="3" type="stmt"/>
      <line num="24" count="1" type="stmt"/>
    </file>
  </project>
</coverage>
