{"D:\\valid-string-program\\index.js": {"path":"D:\\valid-string-program\\index.js","statementMap":{"0":{"start":{"line":2,"column":15},"end":{"line":2,"column":23}},"1":{"start":{"line":3,"column":16},"end":{"line":3,"column":27}},"2":{"start":{"line":4,"column":4},"end":{"line":4,"column":33}},"3":{"start":{"line":4,"column":21},"end":{"line":4,"column":33}},"4":{"start":{"line":5,"column":16},"end":{"line":5,"column":18}},"5":{"start":{"line":6,"column":4},"end":{"line":19,"column":5}},"6":{"start":{"line":6,"column":17},"end":{"line":6,"column":18}},"7":{"start":{"line":7,"column":6},"end":{"line":9,"column":7}},"8":{"start":{"line":8,"column":8},"end":{"line":8,"column":29}},"9":{"start":{"line":10,"column":6},"end":{"line":18,"column":7}},"10":{"start":{"line":11,"column":8},"end":{"line":11,"column":40}},"11":{"start":{"line":11,"column":27},"end":{"line":11,"column":40}},"12":{"start":{"line":12,"column":19},"end":{"line":12,"column":30}},"13":{"start":{"line":13,"column":8},"end":{"line":17,"column":9}},"14":{"start":{"line":14,"column":10},"end":{"line":14,"column":19}},"15":{"start":{"line":16,"column":10},"end":{"line":16,"column":23}},"16":{"start":{"line":20,"column":4},"end":{"line":20,"column":35}},"17":{"start":{"line":20,"column":22},"end":{"line":20,"column":35}},"18":{"start":{"line":21,"column":4},"end":{"line":21,"column":16}},"19":{"start":{"line":24,"column":1},"end":{"line":24,"column":42}}},"fnMap":{"0":{"name":"isValidParentheseString","decl":{"start":{"line":1,"column":9},"end":{"line":1,"column":32}},"loc":{"start":{"line":1,"column":36},"end":{"line":22,"column":2}},"line":1}},"branchMap":{"0":{"loc":{"start":{"line":4,"column":4},"end":{"line":4,"column":33}},"type":"if","locations":[{"start":{"line":4,"column":4},"end":{"line":4,"column":33}},{"start":{"line":4,"column":4},"end":{"line":4,"column":33}}],"line":4},"1":{"loc":{"start":{"line":7,"column":6},"end":{"line":9,"column":7}},"type":"if","locations":[{"start":{"line":7,"column":6},"end":{"line":9,"column":7}},{"start":{"line":7,"column":6},"end":{"line":9,"column":7}}],"line":7},"2":{"loc":{"start":{"line":7,"column":10},"end":{"line":7,"column":63}},"type":"binary-expr","locations":[{"start":{"line":7,"column":10},"end":{"line":7,"column":25}},{"start":{"line":7,"column":29},"end":{"line":7,"column":44}},{"start":{"line":7,"column":48},"end":{"line":7,"column":63}}],"line":7},"3":{"loc":{"start":{"line":10,"column":6},"end":{"line":18,"column":7}},"type":"if","locations":[{"start":{"line":10,"column":6},"end":{"line":18,"column":7}},{"start":{"line":10,"column":6},"end":{"line":18,"column":7}}],"line":10},"4":{"loc":{"start":{"line":10,"column":10},"end":{"line":10,"column":63}},"type":"binary-expr","locations":[{"start":{"line":10,"column":10},"end":{"line":10,"column":25}},{"start":{"line":10,"column":29},"end":{"line":10,"column":44}},{"start":{"line":10,"column":48},"end":{"line":10,"column":63}}],"line":10},"5":{"loc":{"start":{"line":11,"column":8},"end":{"line":11,"column":40}},"type":"if","locations":[{"start":{"line":11,"column":8},"end":{"line":11,"column":40}},{"start":{"line":11,"column":8},"end":{"line":11,"column":40}}],"line":11},"6":{"loc":{"start":{"line":13,"column":8},"end":{"line":17,"column":9}},"type":"if","locations":[{"start":{"line":13,"column":8},"end":{"line":17,"column":9}},{"start":{"line":13,"column":8},"end":{"line":17,"column":9}}],"line":13},"7":{"loc":{"start":{"line":13,"column":12},"end":{"line":13,"column":116}},"type":"binary-expr","locations":[{"start":{"line":13,"column":13},"end":{"line":13,"column":24}},{"start":{"line":13,"column":28},"end":{"line":13,"column":43}},{"start":{"line":13,"column":49},"end":{"line":13,"column":60}},{"start":{"line":13,"column":64},"end":{"line":13,"column":79}},{"start":{"line":13,"column":85},"end":{"line":13,"column":96}},{"start":{"line":13,"column":100},"end":{"line":13,"column":115}}],"line":13},"8":{"loc":{"start":{"line":20,"column":4},"end":{"line":20,"column":35}},"type":"if","locations":[{"start":{"line":20,"column":4},"end":{"line":20,"column":35}},{"start":{"line":20,"column":4},"end":{"line":20,"column":35}}],"line":20}},"s":{"0":4,"1":4,"2":4,"3":0,"4":4,"5":4,"6":4,"7":15,"8":8,"9":15,"10":7,"11":0,"12":7,"13":7,"14":6,"15":1,"16":3,"17":0,"18":3,"19":1},"f":{"0":4},"b":{"0":[0,4],"1":[8,7],"2":[15,12,10],"3":[7,8],"4":[15,12,10],"5":[0,7],"6":[6,1],"7":[7,2,5,2,3,3],"8":[0,3]},"_coverageSchema":"1a1c01bbd47fc00a2c39e90264f33305004495a9","hash":"97e1da654de3324bc403a8078fc8a95bdccfe30c"}
}
