TN:
SF:index.js
FN:1,isValidParentheseString
FNF:1
FNH:1
FNDA:4,isValidParentheseString
DA:2,4
DA:3,4
DA:4,4
DA:5,4
DA:6,4
DA:7,15
DA:8,8
DA:10,15
DA:11,7
DA:12,7
DA:13,7
DA:14,6
DA:16,1
DA:20,3
DA:21,3
DA:24,1
LF:16
LH:16
BRDA:4,0,0,0
BRDA:4,0,1,4
BRDA:7,1,0,8
BRDA:7,1,1,7
BRDA:7,2,0,15
BRDA:7,2,1,12
BRDA:7,2,2,10
BRDA:10,3,0,7
BRDA:10,3,1,8
BRDA:10,4,0,15
BRDA:10,4,1,12
BRDA:10,4,2,10
BRDA:11,5,0,0
BRDA:11,5,1,7
BRDA:13,6,0,6
BRDA:13,6,1,1
BRDA:13,7,0,7
BRDA:13,7,1,2
BRDA:13,7,2,5
BRDA:13,7,3,2
BRDA:13,7,4,3
BRDA:13,7,5,3
BRDA:20,8,0,0
BRDA:20,8,1,3
BRF:24
BRH:21
end_of_record
